<?xml version="1.0" encoding="UTF-8"?>
<!-- Generated by org.testng.reporters.JUnitXMLReporter -->
<testsuite ignored="5" hostname="DESKTOP-BKDEPT2" failures="0" tests="1" name="Default test" time="2.168" errors="0" timestamp="2022-02-15T14:43:02 IST">
  <testcase classname="JavaRestAssuredSpotify.JavaSpotify.FirstSpotifyApi" name="testDeleteSongs_StatusCodeReturn200" time="2.125"/>
  <testcase classname="JavaRestAssuredSpotify.JavaSpotify.FirstSpotifyApi" name="testCreatePlaylist_StatusCodeReturn201" time="0.0">
    <ignored/>
  </testcase> <!-- testCreatePlaylist_StatusCodeReturn201 -->
  <testcase classname="JavaRestAssuredSpotify.JavaSpotify.FirstSpotifyApi" name="testGetTrackSearch_StatusCode200" time="0.0">
    <ignored/>
  </testcase> <!-- testGetTrackSearch_StatusCode200 -->
  <testcase classname="JavaRestAssuredSpotify.JavaSpotify.FirstSpotifyApi" name="testGetUserProfile_StatusCode200" time="0.0">
    <ignored/>
  </testcase> <!-- testGetUserProfile_StatusCode200 -->
  <testcase classname="JavaRestAssuredSpotify.JavaSpotify.FirstSpotifyApi" name="testChangePlaylistDetails_StatusCodeReturn200" time="0.0">
    <ignored/>
  </testcase> <!-- testChangePlaylistDetails_StatusCodeReturn200 -->
  <testcase classname="JavaRestAssuredSpotify.JavaSpotify.FirstSpotifyApi" name="addTracksToPlaylist_StatusCodeReturn201" time="0.0">
    <ignored/>
  </testcase> <!-- addTracksToPlaylist_StatusCodeReturn201 -->
</testsuite> <!-- Default test -->
